[16-Feb-2017 14:49:10 US/Central] PHP Notice:  Array to string conversion in /usr/local/var/www/htdocs/PhpObo/dbdatawriter.php on line 297
[16-Feb-2017 14:49:10 US/Central] PHP Stack trace:
[16-Feb-2017 14:49:10 US/Central] PHP   1. {main}() /usr/local/var/www/htdocs/PhpObo/parse_data.php:0
[16-Feb-2017 14:49:10 US/Central] PHP   2. Processor->__construct() /usr/local/var/www/htdocs/PhpObo/parse_data.php:17
[16-Feb-2017 14:49:10 US/Central] PHP   3. datawriter\DBDataWriter->writeData() /usr/local/var/www/htdocs/PhpObo/parse_data.php:41
[16-Feb-2017 14:49:10 US/Central] PHP   4. mysqli_stmt->execute() /usr/local/var/www/htdocs/PhpObo/dbdatawriter.php:297
[16-Feb-2017 14:49:41 US/Central] PHP Notice:  Array to string conversion in /usr/local/var/www/htdocs/PhpObo/dbdatawriter.php on line 297
[16-Feb-2017 14:49:41 US/Central] PHP Stack trace:
[16-Feb-2017 14:49:41 US/Central] PHP   1. {main}() /usr/local/var/www/htdocs/PhpObo/parse_data.php:0
[16-Feb-2017 14:49:41 US/Central] PHP   2. Processor->__construct() /usr/local/var/www/htdocs/PhpObo/parse_data.php:17
[16-Feb-2017 14:49:41 US/Central] PHP   3. datawriter\DBDataWriter->writeData() /usr/local/var/www/htdocs/PhpObo/parse_data.php:41
[16-Feb-2017 14:49:41 US/Central] PHP   4. mysqli_stmt->execute() /usr/local/var/www/htdocs/PhpObo/dbdatawriter.php:297
[16-Feb-2017 15:22:35 US/Central] PHP Fatal error:  Call to a member function bind_param() on boolean in /usr/local/var/www/htdocs/PhpObo/dbdatawriter.php on line 172
[16-Feb-2017 15:22:35 US/Central] PHP Stack trace:
[16-Feb-2017 15:22:35 US/Central] PHP   1. {main}() /usr/local/var/www/htdocs/PhpObo/parse_data.php:0
[16-Feb-2017 15:22:35 US/Central] PHP   2. Processor->__construct() /usr/local/var/www/htdocs/PhpObo/parse_data.php:17
[16-Feb-2017 15:22:35 US/Central] PHP   3. datawriter\DBDataWriter->writeData() /usr/local/var/www/htdocs/PhpObo/parse_data.php:43
[17-Feb-2017 15:58:12 US/Central] PHP Strict standards:  mysqli::next_result(): There is no next result set. Please, call mysqli_more_results()/mysqli::more_results() to check whether to call this function/method in /usr/local/var/www/htdocs/PhpObo/dbdatawriter.php on line 39
[17-Feb-2017 15:58:12 US/Central] PHP Stack trace:
[17-Feb-2017 15:58:12 US/Central] PHP   1. {main}() /usr/local/var/www/htdocs/PhpObo/parse_data.php:0
[17-Feb-2017 15:58:12 US/Central] PHP   2. Processor->__construct() /usr/local/var/www/htdocs/PhpObo/parse_data.php:17
[17-Feb-2017 15:58:12 US/Central] PHP   3. datawriter\DBDataWriter->createDb() /usr/local/var/www/htdocs/PhpObo/parse_data.php:42
[17-Feb-2017 15:58:12 US/Central] PHP   4. mysqli->next_result() /usr/local/var/www/htdocs/PhpObo/dbdatawriter.php:39
[17-Feb-2017 15:58:34 US/Central] PHP Notice:  Array to string conversion in /usr/local/var/www/htdocs/PhpObo/dbdatawriter.php on line 325
[17-Feb-2017 15:58:34 US/Central] PHP Stack trace:
[17-Feb-2017 15:58:34 US/Central] PHP   1. {main}() /usr/local/var/www/htdocs/PhpObo/parse_data.php:0
[17-Feb-2017 15:58:34 US/Central] PHP   2. Processor->__construct() /usr/local/var/www/htdocs/PhpObo/parse_data.php:17
[17-Feb-2017 15:58:34 US/Central] PHP   3. datawriter\DBDataWriter->writeData() /usr/local/var/www/htdocs/PhpObo/parse_data.php:43
[17-Feb-2017 15:58:34 US/Central] PHP   4. mysqli_stmt->execute() /usr/local/var/www/htdocs/PhpObo/dbdatawriter.php:325
[17-Feb-2017 15:59:06 US/Central] PHP Notice:  Array to string conversion in /usr/local/var/www/htdocs/PhpObo/dbdatawriter.php on line 325
[17-Feb-2017 15:59:06 US/Central] PHP Stack trace:
[17-Feb-2017 15:59:06 US/Central] PHP   1. {main}() /usr/local/var/www/htdocs/PhpObo/parse_data.php:0
[17-Feb-2017 15:59:06 US/Central] PHP   2. Processor->__construct() /usr/local/var/www/htdocs/PhpObo/parse_data.php:17
[17-Feb-2017 15:59:06 US/Central] PHP   3. datawriter\DBDataWriter->writeData() /usr/local/var/www/htdocs/PhpObo/parse_data.php:43
[17-Feb-2017 15:59:06 US/Central] PHP   4. mysqli_stmt->execute() /usr/local/var/www/htdocs/PhpObo/dbdatawriter.php:325
[17-Feb-2017 16:18:11 US/Central] PHP Fatal error:  Class 'Processor' not found in /usr/local/var/www/htdocs/PhpObo/parse_data.php on line 17
[17-Feb-2017 16:18:11 US/Central] PHP Stack trace:
[17-Feb-2017 16:18:11 US/Central] PHP   1. {main}() /usr/local/var/www/htdocs/PhpObo/parse_data.php:0
[17-Feb-2017 16:20:07 US/Central] PHP Strict standards:  mysqli::next_result(): There is no next result set. Please, call mysqli_more_results()/mysqli::more_results() to check whether to call this function/method in /usr/local/var/www/htdocs/PhpObo/dbdatawriter.php on line 39
[17-Feb-2017 16:20:07 US/Central] PHP Stack trace:
[17-Feb-2017 16:20:07 US/Central] PHP   1. {main}() /usr/local/var/www/htdocs/PhpObo/parse_data.php:0
[17-Feb-2017 16:20:07 US/Central] PHP   2. Processor->__construct() /usr/local/var/www/htdocs/PhpObo/parse_data.php:17
[17-Feb-2017 16:20:07 US/Central] PHP   3. datawriter\DBDataWriter->createDb() /usr/local/var/www/htdocs/PhpObo/dataprocessor.php:26
[17-Feb-2017 16:20:07 US/Central] PHP   4. mysqli->next_result() /usr/local/var/www/htdocs/PhpObo/dbdatawriter.php:39
[17-Feb-2017 16:20:29 US/Central] PHP Notice:  Array to string conversion in /usr/local/var/www/htdocs/PhpObo/dbdatawriter.php on line 325
[17-Feb-2017 16:20:29 US/Central] PHP Stack trace:
[17-Feb-2017 16:20:29 US/Central] PHP   1. {main}() /usr/local/var/www/htdocs/PhpObo/parse_data.php:0
[17-Feb-2017 16:20:29 US/Central] PHP   2. Processor->__construct() /usr/local/var/www/htdocs/PhpObo/parse_data.php:17
[17-Feb-2017 16:20:29 US/Central] PHP   3. datawriter\DBDataWriter->writeData() /usr/local/var/www/htdocs/PhpObo/dataprocessor.php:27
[17-Feb-2017 16:20:29 US/Central] PHP   4. mysqli_stmt->execute() /usr/local/var/www/htdocs/PhpObo/dbdatawriter.php:325
[17-Feb-2017 16:21:00 US/Central] PHP Notice:  Array to string conversion in /usr/local/var/www/htdocs/PhpObo/dbdatawriter.php on line 325
[17-Feb-2017 16:21:00 US/Central] PHP Stack trace:
[17-Feb-2017 16:21:00 US/Central] PHP   1. {main}() /usr/local/var/www/htdocs/PhpObo/parse_data.php:0
[17-Feb-2017 16:21:00 US/Central] PHP   2. Processor->__construct() /usr/local/var/www/htdocs/PhpObo/parse_data.php:17
[17-Feb-2017 16:21:00 US/Central] PHP   3. datawriter\DBDataWriter->writeData() /usr/local/var/www/htdocs/PhpObo/dataprocessor.php:27
[17-Feb-2017 16:21:00 US/Central] PHP   4. mysqli_stmt->execute() /usr/local/var/www/htdocs/PhpObo/dbdatawriter.php:325
[17-Feb-2017 16:27:11 US/Central] PHP Strict standards:  mysqli::next_result(): There is no next result set. Please, call mysqli_more_results()/mysqli::more_results() to check whether to call this function/method in /usr/local/var/www/htdocs/PhpObo/dbdatawriter.php on line 39
[17-Feb-2017 16:27:11 US/Central] PHP Stack trace:
[17-Feb-2017 16:27:11 US/Central] PHP   1. {main}() /usr/local/var/www/htdocs/PhpObo/parse_data.php:0
[17-Feb-2017 16:27:11 US/Central] PHP   2. Processor->process() /usr/local/var/www/htdocs/PhpObo/parse_data.php:18
[17-Feb-2017 16:27:11 US/Central] PHP   3. datawriter\DBDataWriter->createDb() /usr/local/var/www/htdocs/PhpObo/dataprocessor.php:30
[17-Feb-2017 16:27:11 US/Central] PHP   4. mysqli->next_result() /usr/local/var/www/htdocs/PhpObo/dbdatawriter.php:39
[17-Feb-2017 16:27:32 US/Central] PHP Notice:  Array to string conversion in /usr/local/var/www/htdocs/PhpObo/dbdatawriter.php on line 325
[17-Feb-2017 16:27:32 US/Central] PHP Stack trace:
[17-Feb-2017 16:27:32 US/Central] PHP   1. {main}() /usr/local/var/www/htdocs/PhpObo/parse_data.php:0
[17-Feb-2017 16:27:32 US/Central] PHP   2. Processor->process() /usr/local/var/www/htdocs/PhpObo/parse_data.php:18
[17-Feb-2017 16:27:32 US/Central] PHP   3. datawriter\DBDataWriter->writeData() /usr/local/var/www/htdocs/PhpObo/dataprocessor.php:31
[17-Feb-2017 16:27:32 US/Central] PHP   4. mysqli_stmt->execute() /usr/local/var/www/htdocs/PhpObo/dbdatawriter.php:325
[17-Feb-2017 16:28:04 US/Central] PHP Notice:  Array to string conversion in /usr/local/var/www/htdocs/PhpObo/dbdatawriter.php on line 325
[17-Feb-2017 16:28:04 US/Central] PHP Stack trace:
[17-Feb-2017 16:28:04 US/Central] PHP   1. {main}() /usr/local/var/www/htdocs/PhpObo/parse_data.php:0
[17-Feb-2017 16:28:04 US/Central] PHP   2. Processor->process() /usr/local/var/www/htdocs/PhpObo/parse_data.php:18
[17-Feb-2017 16:28:04 US/Central] PHP   3. datawriter\DBDataWriter->writeData() /usr/local/var/www/htdocs/PhpObo/dataprocessor.php:31
[17-Feb-2017 16:28:04 US/Central] PHP   4. mysqli_stmt->execute() /usr/local/var/www/htdocs/PhpObo/dbdatawriter.php:325
[17-Feb-2017 16:38:39 US/Central] PHP Strict standards:  mysqli::next_result(): There is no next result set. Please, call mysqli_more_results()/mysqli::more_results() to check whether to call this function/method in /usr/local/var/www/htdocs/PhpObo/dbdatawriter.php on line 39
[17-Feb-2017 16:38:39 US/Central] PHP Stack trace:
[17-Feb-2017 16:38:39 US/Central] PHP   1. {main}() /usr/local/var/www/htdocs/PhpObo/parse_data.php:0
[17-Feb-2017 16:38:39 US/Central] PHP   2. Processor->process() /usr/local/var/www/htdocs/PhpObo/parse_data.php:18
[17-Feb-2017 16:38:39 US/Central] PHP   3. datawriter\DBDataWriter->createDb() /usr/local/var/www/htdocs/PhpObo/dataprocessor.php:30
[17-Feb-2017 16:38:39 US/Central] PHP   4. mysqli->next_result() /usr/local/var/www/htdocs/PhpObo/dbdatawriter.php:39
[17-Feb-2017 16:39:00 US/Central] PHP Notice:  Array to string conversion in /usr/local/var/www/htdocs/PhpObo/dbdatawriter.php on line 325
[17-Feb-2017 16:39:00 US/Central] PHP Stack trace:
[17-Feb-2017 16:39:00 US/Central] PHP   1. {main}() /usr/local/var/www/htdocs/PhpObo/parse_data.php:0
[17-Feb-2017 16:39:00 US/Central] PHP   2. Processor->process() /usr/local/var/www/htdocs/PhpObo/parse_data.php:18
[17-Feb-2017 16:39:00 US/Central] PHP   3. datawriter\DBDataWriter->writeData() /usr/local/var/www/htdocs/PhpObo/dataprocessor.php:31
[17-Feb-2017 16:39:00 US/Central] PHP   4. mysqli_stmt->execute() /usr/local/var/www/htdocs/PhpObo/dbdatawriter.php:325
[17-Feb-2017 16:39:33 US/Central] PHP Notice:  Array to string conversion in /usr/local/var/www/htdocs/PhpObo/dbdatawriter.php on line 325
[17-Feb-2017 16:39:33 US/Central] PHP Stack trace:
[17-Feb-2017 16:39:33 US/Central] PHP   1. {main}() /usr/local/var/www/htdocs/PhpObo/parse_data.php:0
[17-Feb-2017 16:39:33 US/Central] PHP   2. Processor->process() /usr/local/var/www/htdocs/PhpObo/parse_data.php:18
[17-Feb-2017 16:39:33 US/Central] PHP   3. datawriter\DBDataWriter->writeData() /usr/local/var/www/htdocs/PhpObo/dataprocessor.php:31
[17-Feb-2017 16:39:33 US/Central] PHP   4. mysqli_stmt->execute() /usr/local/var/www/htdocs/PhpObo/dbdatawriter.php:325
[24-Feb-2017 09:15:54 US/Central] PHP Strict standards:  mysqli::next_result(): There is no next result set. Please, call mysqli_more_results()/mysqli::more_results() to check whether to call this function/method in /usr/local/var/www/htdocs/PhpObo/dbdatawriter.php on line 39
[24-Feb-2017 09:15:54 US/Central] PHP Stack trace:
[24-Feb-2017 09:15:54 US/Central] PHP   1. {main}() /usr/local/var/www/htdocs/PhpObo/parse_data.php:0
[24-Feb-2017 09:15:54 US/Central] PHP   2. Processor->process() /usr/local/var/www/htdocs/PhpObo/parse_data.php:18
[24-Feb-2017 09:15:54 US/Central] PHP   3. datawriter\DBDataWriter->createDb() /usr/local/var/www/htdocs/PhpObo/dataprocessor.php:30
[24-Feb-2017 09:15:54 US/Central] PHP   4. mysqli->next_result() /usr/local/var/www/htdocs/PhpObo/dbdatawriter.php:39
[24-Feb-2017 09:16:15 US/Central] PHP Notice:  Array to string conversion in /usr/local/var/www/htdocs/PhpObo/dbdatawriter.php on line 117
[24-Feb-2017 09:16:15 US/Central] PHP Stack trace:
[24-Feb-2017 09:16:15 US/Central] PHP   1. {main}() /usr/local/var/www/htdocs/PhpObo/parse_data.php:0
[24-Feb-2017 09:16:15 US/Central] PHP   2. Processor->process() /usr/local/var/www/htdocs/PhpObo/parse_data.php:18
[24-Feb-2017 09:16:15 US/Central] PHP   3. datawriter\DBDataWriter->writeData() /usr/local/var/www/htdocs/PhpObo/dataprocessor.php:31
[24-Feb-2017 09:16:15 US/Central] PHP   4. datawriter\DBDataWriter->findInsertEfo() /usr/local/var/www/htdocs/PhpObo/dbdatawriter.php:351
[24-Feb-2017 09:16:15 US/Central] PHP   5. mysqli_stmt->execute() /usr/local/var/www/htdocs/PhpObo/dbdatawriter.php:117
[24-Feb-2017 09:16:47 US/Central] PHP Notice:  Array to string conversion in /usr/local/var/www/htdocs/PhpObo/dbdatawriter.php on line 117
[24-Feb-2017 09:16:47 US/Central] PHP Stack trace:
[24-Feb-2017 09:16:47 US/Central] PHP   1. {main}() /usr/local/var/www/htdocs/PhpObo/parse_data.php:0
[24-Feb-2017 09:16:47 US/Central] PHP   2. Processor->process() /usr/local/var/www/htdocs/PhpObo/parse_data.php:18
[24-Feb-2017 09:16:47 US/Central] PHP   3. datawriter\DBDataWriter->writeData() /usr/local/var/www/htdocs/PhpObo/dataprocessor.php:31
[24-Feb-2017 09:16:47 US/Central] PHP   4. datawriter\DBDataWriter->findInsertEfo() /usr/local/var/www/htdocs/PhpObo/dbdatawriter.php:351
[24-Feb-2017 09:16:47 US/Central] PHP   5. mysqli_stmt->execute() /usr/local/var/www/htdocs/PhpObo/dbdatawriter.php:117
[24-Feb-2017 09:22:42 US/Central] PHP Strict standards:  mysqli::next_result(): There is no next result set. Please, call mysqli_more_results()/mysqli::more_results() to check whether to call this function/method in /usr/local/var/www/htdocs/PhpObo/dbdatawriter.php on line 39
[24-Feb-2017 09:22:42 US/Central] PHP Stack trace:
[24-Feb-2017 09:22:42 US/Central] PHP   1. {main}() /usr/local/var/www/htdocs/PhpObo/parse_data.php:0
[24-Feb-2017 09:22:42 US/Central] PHP   2. Processor->process() /usr/local/var/www/htdocs/PhpObo/parse_data.php:18
[24-Feb-2017 09:22:42 US/Central] PHP   3. datawriter\DBDataWriter->createDb() /usr/local/var/www/htdocs/PhpObo/dataprocessor.php:30
[24-Feb-2017 09:22:42 US/Central] PHP   4. mysqli->next_result() /usr/local/var/www/htdocs/PhpObo/dbdatawriter.php:39
[24-Feb-2017 09:23:03 US/Central] PHP Notice:  Array to string conversion in /usr/local/var/www/htdocs/PhpObo/dbdatawriter.php on line 117
[24-Feb-2017 09:23:03 US/Central] PHP Stack trace:
[24-Feb-2017 09:23:03 US/Central] PHP   1. {main}() /usr/local/var/www/htdocs/PhpObo/parse_data.php:0
[24-Feb-2017 09:23:03 US/Central] PHP   2. Processor->process() /usr/local/var/www/htdocs/PhpObo/parse_data.php:18
[24-Feb-2017 09:23:03 US/Central] PHP   3. datawriter\DBDataWriter->writeData() /usr/local/var/www/htdocs/PhpObo/dataprocessor.php:31
[24-Feb-2017 09:23:03 US/Central] PHP   4. datawriter\DBDataWriter->findInsertEfo() /usr/local/var/www/htdocs/PhpObo/dbdatawriter.php:351
[24-Feb-2017 09:23:03 US/Central] PHP   5. mysqli_stmt->execute() /usr/local/var/www/htdocs/PhpObo/dbdatawriter.php:117
[24-Feb-2017 09:23:34 US/Central] PHP Notice:  Array to string conversion in /usr/local/var/www/htdocs/PhpObo/dbdatawriter.php on line 117
[24-Feb-2017 09:23:34 US/Central] PHP Stack trace:
[24-Feb-2017 09:23:34 US/Central] PHP   1. {main}() /usr/local/var/www/htdocs/PhpObo/parse_data.php:0
[24-Feb-2017 09:23:34 US/Central] PHP   2. Processor->process() /usr/local/var/www/htdocs/PhpObo/parse_data.php:18
[24-Feb-2017 09:23:34 US/Central] PHP   3. datawriter\DBDataWriter->writeData() /usr/local/var/www/htdocs/PhpObo/dataprocessor.php:31
[24-Feb-2017 09:23:34 US/Central] PHP   4. datawriter\DBDataWriter->findInsertEfo() /usr/local/var/www/htdocs/PhpObo/dbdatawriter.php:351
[24-Feb-2017 09:23:34 US/Central] PHP   5. mysqli_stmt->execute() /usr/local/var/www/htdocs/PhpObo/dbdatawriter.php:117
[24-Feb-2017 09:26:35 US/Central] PHP Strict standards:  mysqli::next_result(): There is no next result set. Please, call mysqli_more_results()/mysqli::more_results() to check whether to call this function/method in /usr/local/var/www/htdocs/PhpObo/dbdatawriter.php on line 39
[24-Feb-2017 09:26:35 US/Central] PHP Stack trace:
[24-Feb-2017 09:26:35 US/Central] PHP   1. {main}() /usr/local/var/www/htdocs/PhpObo/parse_data.php:0
[24-Feb-2017 09:26:35 US/Central] PHP   2. Processor->process() /usr/local/var/www/htdocs/PhpObo/parse_data.php:18
[24-Feb-2017 09:26:35 US/Central] PHP   3. datawriter\DBDataWriter->createDb() /usr/local/var/www/htdocs/PhpObo/dataprocessor.php:30
[24-Feb-2017 09:26:35 US/Central] PHP   4. mysqli->next_result() /usr/local/var/www/htdocs/PhpObo/dbdatawriter.php:39
[24-Feb-2017 09:26:56 US/Central] PHP Notice:  Array to string conversion in /usr/local/var/www/htdocs/PhpObo/dbdatawriter.php on line 117
[24-Feb-2017 09:26:56 US/Central] PHP Stack trace:
[24-Feb-2017 09:26:56 US/Central] PHP   1. {main}() /usr/local/var/www/htdocs/PhpObo/parse_data.php:0
[24-Feb-2017 09:26:56 US/Central] PHP   2. Processor->process() /usr/local/var/www/htdocs/PhpObo/parse_data.php:18
[24-Feb-2017 09:26:56 US/Central] PHP   3. datawriter\DBDataWriter->writeData() /usr/local/var/www/htdocs/PhpObo/dataprocessor.php:31
[24-Feb-2017 09:26:56 US/Central] PHP   4. datawriter\DBDataWriter->findInsertEfo() /usr/local/var/www/htdocs/PhpObo/dbdatawriter.php:351
[24-Feb-2017 09:26:56 US/Central] PHP   5. mysqli_stmt->execute() /usr/local/var/www/htdocs/PhpObo/dbdatawriter.php:117
[24-Feb-2017 09:27:26 US/Central] PHP Notice:  Array to string conversion in /usr/local/var/www/htdocs/PhpObo/dbdatawriter.php on line 117
[24-Feb-2017 09:27:26 US/Central] PHP Stack trace:
[24-Feb-2017 09:27:26 US/Central] PHP   1. {main}() /usr/local/var/www/htdocs/PhpObo/parse_data.php:0
[24-Feb-2017 09:27:26 US/Central] PHP   2. Processor->process() /usr/local/var/www/htdocs/PhpObo/parse_data.php:18
[24-Feb-2017 09:27:26 US/Central] PHP   3. datawriter\DBDataWriter->writeData() /usr/local/var/www/htdocs/PhpObo/dataprocessor.php:31
[24-Feb-2017 09:27:26 US/Central] PHP   4. datawriter\DBDataWriter->findInsertEfo() /usr/local/var/www/htdocs/PhpObo/dbdatawriter.php:351
[24-Feb-2017 09:27:26 US/Central] PHP   5. mysqli_stmt->execute() /usr/local/var/www/htdocs/PhpObo/dbdatawriter.php:117
[24-Feb-2017 09:43:56 US/Central] PHP Notice:  Array to string conversion in /usr/local/var/www/htdocs/PhpObo/dbdatawriter.php on line 117
[24-Feb-2017 09:43:56 US/Central] PHP Stack trace:
[24-Feb-2017 09:43:56 US/Central] PHP   1. {main}() /usr/local/var/www/htdocs/PhpObo/parse_data.php:0
[24-Feb-2017 09:43:56 US/Central] PHP   2. Processor->process() /usr/local/var/www/htdocs/PhpObo/parse_data.php:18
[24-Feb-2017 09:43:56 US/Central] PHP   3. datawriter\DBDataWriter->writeData() /usr/local/var/www/htdocs/PhpObo/dataprocessor.php:31
[24-Feb-2017 09:43:56 US/Central] PHP   4. datawriter\DBDataWriter->findInsertEfo() /usr/local/var/www/htdocs/PhpObo/dbdatawriter.php:351
[24-Feb-2017 09:43:56 US/Central] PHP   5. mysqli_stmt->execute() /usr/local/var/www/htdocs/PhpObo/dbdatawriter.php:117
[24-Feb-2017 09:44:28 US/Central] PHP Notice:  Array to string conversion in /usr/local/var/www/htdocs/PhpObo/dbdatawriter.php on line 117
[24-Feb-2017 09:44:28 US/Central] PHP Stack trace:
[24-Feb-2017 09:44:28 US/Central] PHP   1. {main}() /usr/local/var/www/htdocs/PhpObo/parse_data.php:0
[24-Feb-2017 09:44:28 US/Central] PHP   2. Processor->process() /usr/local/var/www/htdocs/PhpObo/parse_data.php:18
[24-Feb-2017 09:44:28 US/Central] PHP   3. datawriter\DBDataWriter->writeData() /usr/local/var/www/htdocs/PhpObo/dataprocessor.php:31
[24-Feb-2017 09:44:28 US/Central] PHP   4. datawriter\DBDataWriter->findInsertEfo() /usr/local/var/www/htdocs/PhpObo/dbdatawriter.php:351
[24-Feb-2017 09:44:28 US/Central] PHP   5. mysqli_stmt->execute() /usr/local/var/www/htdocs/PhpObo/dbdatawriter.php:117
[24-Feb-2017 10:03:01 US/Central] PHP Strict standards:  mysqli::next_result(): There is no next result set. Please, call mysqli_more_results()/mysqli::more_results() to check whether to call this function/method in /usr/local/var/www/htdocs/PhpObo/dbdatawriter.php on line 39
[24-Feb-2017 10:03:01 US/Central] PHP Stack trace:
[24-Feb-2017 10:03:01 US/Central] PHP   1. {main}() /usr/local/var/www/htdocs/PhpObo/parse_data.php:0
[24-Feb-2017 10:03:01 US/Central] PHP   2. Processor->process() /usr/local/var/www/htdocs/PhpObo/parse_data.php:18
[24-Feb-2017 10:03:01 US/Central] PHP   3. datawriter\DBDataWriter->createDb() /usr/local/var/www/htdocs/PhpObo/dataprocessor.php:30
[24-Feb-2017 10:03:01 US/Central] PHP   4. mysqli->next_result() /usr/local/var/www/htdocs/PhpObo/dbdatawriter.php:39
[24-Feb-2017 10:03:22 US/Central] PHP Notice:  Array to string conversion in /usr/local/var/www/htdocs/PhpObo/dbdatawriter.php on line 117
[24-Feb-2017 10:03:22 US/Central] PHP Stack trace:
[24-Feb-2017 10:03:22 US/Central] PHP   1. {main}() /usr/local/var/www/htdocs/PhpObo/parse_data.php:0
[24-Feb-2017 10:03:22 US/Central] PHP   2. Processor->process() /usr/local/var/www/htdocs/PhpObo/parse_data.php:18
[24-Feb-2017 10:03:22 US/Central] PHP   3. datawriter\DBDataWriter->writeData() /usr/local/var/www/htdocs/PhpObo/dataprocessor.php:31
[24-Feb-2017 10:03:22 US/Central] PHP   4. datawriter\DBDataWriter->findInsertEfo() /usr/local/var/www/htdocs/PhpObo/dbdatawriter.php:351
[24-Feb-2017 10:03:22 US/Central] PHP   5. mysqli_stmt->execute() /usr/local/var/www/htdocs/PhpObo/dbdatawriter.php:117
[24-Feb-2017 10:03:53 US/Central] PHP Notice:  Array to string conversion in /usr/local/var/www/htdocs/PhpObo/dbdatawriter.php on line 117
[24-Feb-2017 10:03:53 US/Central] PHP Stack trace:
[24-Feb-2017 10:03:53 US/Central] PHP   1. {main}() /usr/local/var/www/htdocs/PhpObo/parse_data.php:0
[24-Feb-2017 10:03:53 US/Central] PHP   2. Processor->process() /usr/local/var/www/htdocs/PhpObo/parse_data.php:18
[24-Feb-2017 10:03:53 US/Central] PHP   3. datawriter\DBDataWriter->writeData() /usr/local/var/www/htdocs/PhpObo/dataprocessor.php:31
[24-Feb-2017 10:03:53 US/Central] PHP   4. datawriter\DBDataWriter->findInsertEfo() /usr/local/var/www/htdocs/PhpObo/dbdatawriter.php:351
[24-Feb-2017 10:03:53 US/Central] PHP   5. mysqli_stmt->execute() /usr/local/var/www/htdocs/PhpObo/dbdatawriter.php:117
[24-Feb-2017 10:07:24 US/Central] PHP Strict standards:  mysqli::next_result(): There is no next result set. Please, call mysqli_more_results()/mysqli::more_results() to check whether to call this function/method in /usr/local/var/www/htdocs/PhpObo/dbdatawriter.php on line 39
[24-Feb-2017 10:07:24 US/Central] PHP Stack trace:
[24-Feb-2017 10:07:24 US/Central] PHP   1. {main}() /usr/local/var/www/htdocs/PhpObo/parse_data.php:0
[24-Feb-2017 10:07:24 US/Central] PHP   2. Processor->process() /usr/local/var/www/htdocs/PhpObo/parse_data.php:18
[24-Feb-2017 10:07:24 US/Central] PHP   3. datawriter\DBDataWriter->createDb() /usr/local/var/www/htdocs/PhpObo/dataprocessor.php:30
[24-Feb-2017 10:07:24 US/Central] PHP   4. mysqli->next_result() /usr/local/var/www/htdocs/PhpObo/dbdatawriter.php:39
[24-Feb-2017 10:07:46 US/Central] PHP Notice:  Array to string conversion in /usr/local/var/www/htdocs/PhpObo/dbdatawriter.php on line 117
[24-Feb-2017 10:07:46 US/Central] PHP Stack trace:
[24-Feb-2017 10:07:46 US/Central] PHP   1. {main}() /usr/local/var/www/htdocs/PhpObo/parse_data.php:0
[24-Feb-2017 10:07:46 US/Central] PHP   2. Processor->process() /usr/local/var/www/htdocs/PhpObo/parse_data.php:18
[24-Feb-2017 10:07:46 US/Central] PHP   3. datawriter\DBDataWriter->writeData() /usr/local/var/www/htdocs/PhpObo/dataprocessor.php:31
[24-Feb-2017 10:07:46 US/Central] PHP   4. datawriter\DBDataWriter->findInsertEfo() /usr/local/var/www/htdocs/PhpObo/dbdatawriter.php:351
[24-Feb-2017 10:07:46 US/Central] PHP   5. mysqli_stmt->execute() /usr/local/var/www/htdocs/PhpObo/dbdatawriter.php:117
[24-Feb-2017 10:08:19 US/Central] PHP Notice:  Array to string conversion in /usr/local/var/www/htdocs/PhpObo/dbdatawriter.php on line 117
[24-Feb-2017 10:08:19 US/Central] PHP Stack trace:
[24-Feb-2017 10:08:19 US/Central] PHP   1. {main}() /usr/local/var/www/htdocs/PhpObo/parse_data.php:0
[24-Feb-2017 10:08:19 US/Central] PHP   2. Processor->process() /usr/local/var/www/htdocs/PhpObo/parse_data.php:18
[24-Feb-2017 10:08:19 US/Central] PHP   3. datawriter\DBDataWriter->writeData() /usr/local/var/www/htdocs/PhpObo/dataprocessor.php:31
[24-Feb-2017 10:08:19 US/Central] PHP   4. datawriter\DBDataWriter->findInsertEfo() /usr/local/var/www/htdocs/PhpObo/dbdatawriter.php:351
[24-Feb-2017 10:08:19 US/Central] PHP   5. mysqli_stmt->execute() /usr/local/var/www/htdocs/PhpObo/dbdatawriter.php:117
[24-Feb-2017 10:12:56 US/Central] PHP Strict standards:  mysqli::next_result(): There is no next result set. Please, call mysqli_more_results()/mysqli::more_results() to check whether to call this function/method in /usr/local/var/www/htdocs/PhpObo/dbdatawriter.php on line 39
[24-Feb-2017 10:12:56 US/Central] PHP Stack trace:
[24-Feb-2017 10:12:56 US/Central] PHP   1. {main}() /usr/local/var/www/htdocs/PhpObo/parse_data.php:0
[24-Feb-2017 10:12:56 US/Central] PHP   2. Processor->process() /usr/local/var/www/htdocs/PhpObo/parse_data.php:18
[24-Feb-2017 10:12:56 US/Central] PHP   3. datawriter\DBDataWriter->createDb() /usr/local/var/www/htdocs/PhpObo/dataprocessor.php:30
[24-Feb-2017 10:12:56 US/Central] PHP   4. mysqli->next_result() /usr/local/var/www/htdocs/PhpObo/dbdatawriter.php:39
[24-Feb-2017 10:13:18 US/Central] PHP Notice:  Array to string conversion in /usr/local/var/www/htdocs/PhpObo/dbdatawriter.php on line 117
[24-Feb-2017 10:13:18 US/Central] PHP Stack trace:
[24-Feb-2017 10:13:18 US/Central] PHP   1. {main}() /usr/local/var/www/htdocs/PhpObo/parse_data.php:0
[24-Feb-2017 10:13:18 US/Central] PHP   2. Processor->process() /usr/local/var/www/htdocs/PhpObo/parse_data.php:18
[24-Feb-2017 10:13:18 US/Central] PHP   3. datawriter\DBDataWriter->writeData() /usr/local/var/www/htdocs/PhpObo/dataprocessor.php:31
[24-Feb-2017 10:13:18 US/Central] PHP   4. datawriter\DBDataWriter->findInsertEfo() /usr/local/var/www/htdocs/PhpObo/dbdatawriter.php:351
[24-Feb-2017 10:13:18 US/Central] PHP   5. mysqli_stmt->execute() /usr/local/var/www/htdocs/PhpObo/dbdatawriter.php:117
[24-Feb-2017 10:13:49 US/Central] PHP Notice:  Array to string conversion in /usr/local/var/www/htdocs/PhpObo/dbdatawriter.php on line 117
[24-Feb-2017 10:13:49 US/Central] PHP Stack trace:
[24-Feb-2017 10:13:49 US/Central] PHP   1. {main}() /usr/local/var/www/htdocs/PhpObo/parse_data.php:0
[24-Feb-2017 10:13:49 US/Central] PHP   2. Processor->process() /usr/local/var/www/htdocs/PhpObo/parse_data.php:18
[24-Feb-2017 10:13:49 US/Central] PHP   3. datawriter\DBDataWriter->writeData() /usr/local/var/www/htdocs/PhpObo/dataprocessor.php:31
[24-Feb-2017 10:13:49 US/Central] PHP   4. datawriter\DBDataWriter->findInsertEfo() /usr/local/var/www/htdocs/PhpObo/dbdatawriter.php:351
[24-Feb-2017 10:13:49 US/Central] PHP   5. mysqli_stmt->execute() /usr/local/var/www/htdocs/PhpObo/dbdatawriter.php:117
[24-Feb-2017 10:22:52 US/Central] PHP Strict standards:  mysqli::next_result(): There is no next result set. Please, call mysqli_more_results()/mysqli::more_results() to check whether to call this function/method in /usr/local/var/www/htdocs/PhpObo/dbdatawriter.php on line 39
[24-Feb-2017 10:22:52 US/Central] PHP Stack trace:
[24-Feb-2017 10:22:52 US/Central] PHP   1. {main}() /usr/local/var/www/htdocs/PhpObo/parse_data.php:0
[24-Feb-2017 10:22:52 US/Central] PHP   2. Processor->process() /usr/local/var/www/htdocs/PhpObo/parse_data.php:18
[24-Feb-2017 10:22:52 US/Central] PHP   3. datawriter\DBDataWriter->createDb() /usr/local/var/www/htdocs/PhpObo/dataprocessor.php:30
[24-Feb-2017 10:22:52 US/Central] PHP   4. mysqli->next_result() /usr/local/var/www/htdocs/PhpObo/dbdatawriter.php:39
[24-Feb-2017 10:23:16 US/Central] PHP Notice:  Array to string conversion in /usr/local/var/www/htdocs/PhpObo/dbdatawriter.php on line 117
[24-Feb-2017 10:23:16 US/Central] PHP Stack trace:
[24-Feb-2017 10:23:16 US/Central] PHP   1. {main}() /usr/local/var/www/htdocs/PhpObo/parse_data.php:0
[24-Feb-2017 10:23:16 US/Central] PHP   2. Processor->process() /usr/local/var/www/htdocs/PhpObo/parse_data.php:18
[24-Feb-2017 10:23:16 US/Central] PHP   3. datawriter\DBDataWriter->writeData() /usr/local/var/www/htdocs/PhpObo/dataprocessor.php:31
[24-Feb-2017 10:23:16 US/Central] PHP   4. datawriter\DBDataWriter->findInsertEfo() /usr/local/var/www/htdocs/PhpObo/dbdatawriter.php:351
[24-Feb-2017 10:23:16 US/Central] PHP   5. mysqli_stmt->execute() /usr/local/var/www/htdocs/PhpObo/dbdatawriter.php:117
[24-Feb-2017 10:23:48 US/Central] PHP Notice:  Array to string conversion in /usr/local/var/www/htdocs/PhpObo/dbdatawriter.php on line 117
[24-Feb-2017 10:23:48 US/Central] PHP Stack trace:
[24-Feb-2017 10:23:48 US/Central] PHP   1. {main}() /usr/local/var/www/htdocs/PhpObo/parse_data.php:0
[24-Feb-2017 10:23:48 US/Central] PHP   2. Processor->process() /usr/local/var/www/htdocs/PhpObo/parse_data.php:18
[24-Feb-2017 10:23:48 US/Central] PHP   3. datawriter\DBDataWriter->writeData() /usr/local/var/www/htdocs/PhpObo/dataprocessor.php:31
[24-Feb-2017 10:23:48 US/Central] PHP   4. datawriter\DBDataWriter->findInsertEfo() /usr/local/var/www/htdocs/PhpObo/dbdatawriter.php:351
[24-Feb-2017 10:23:48 US/Central] PHP   5. mysqli_stmt->execute() /usr/local/var/www/htdocs/PhpObo/dbdatawriter.php:117
